#-----------------------------------------------------------
# Vivado v2017.3 (64-bit)
# SW Build 2018833 on Wed Oct  4 19:58:22 MDT 2017
# IP Build 2016188 on Wed Oct  4 21:52:56 MDT 2017
# Start of session at: Sat Feb 17 11:29:41 2018
# Process ID: 7840
# Current directory: C:/Users/aliel/Desktop/ProvaRL/project_reti_logiche/project_reti_logiche
# Command line: vivado.exe -gui_launcher_event rodinguilauncherevent9688 C:\Users\aliel\Desktop\ProvaRL\project_reti_logiche\project_reti_logiche\project_reti_logiche.xpr
# Log file: C:/Users/aliel/Desktop/ProvaRL/project_reti_logiche/project_reti_logiche/vivado.log
# Journal file: C:/Users/aliel/Desktop/ProvaRL/project_reti_logiche/project_reti_logiche\vivado.jou
#-----------------------------------------------------------
start_gui
open_project C:/Users/aliel/Desktop/ProvaRL/project_reti_logiche/project_reti_logiche/project_reti_logiche.xpr
Scanning sources...
Finished scanning sources
INFO: [IP_Flow 19-234] Refreshing IP repositories
INFO: [IP_Flow 19-1704] No user IP repositories specified
INFO: [IP_Flow 19-2313] Loaded Vivado IP repository 'C:/Xilinx/Vivado/2017.3/data/ip'.
open_project: Time (s): cpu = 00:00:15 ; elapsed = 00:00:06 . Memory (MB): peak = 793.906 ; gain = 47.102
update_compile_order -fileset sources_1
exit
INFO: [Common 17-206] Exiting Vivado at Sat Feb 17 11:33:33 2018...
.
