Copyright 1986-2017 Xilinx, Inc. All Rights Reserved.
--------------------------------------------------------------------------------------------------------------------------------------------------------------------------------------------------
| Tool Version : Vivado v.2017.3 (win64) Build 2018833 Wed Oct  4 19:58:22 MDT 2017
| Date         : Sat Feb 17 10:35:32 2018
| Host         : LAPTOP-AQQ1DSVO running 64-bit major release  (build 9200)
| Command      : report_methodology -file project_reti_logiche_methodology_drc_routed.rpt -pb project_reti_logiche_methodology_drc_routed.pb -rpx project_reti_logiche_methodology_drc_routed.rpx
| Design       : project_reti_logiche
| Device       : xc7a200tfbg484-1
| Speed File   : -1
| Design State : Routed
--------------------------------------------------------------------------------------------------------------------------------------------------------------------------------------------------

Report Methodology

Table of Contents
-----------------
1. REPORT SUMMARY
2. REPORT DETAILS

1. REPORT SUMMARY
-----------------
            Netlist: netlist
          Floorplan: checkpoint_project_reti_logiche
      Design limits: <entire design considered>
             Max violations: <unlimited>
             Violations found: 0
+------+----------+-------------+------------+
| Rule | Severity | Description | Violations |
+------+----------+-------------+------------+
+------+----------+-------------+------------+

2. REPORT DETAILS
-----------------

